<?xml version="1.0" encoding="UTF-8"?>
<testng-results ignored="0" total="2" passed="2" failed="0" skipped="0">
  <reporter-output>
  </reporter-output>
  <suite started-at="2025-05-10T22:03:31 IST" name="SauceDemoTests" finished-at="2025-05-10T22:03:33 IST" duration-ms="1927">
    <groups>
    </groups>
    <test started-at="2025-05-10T22:03:31 IST" name="LoginTests" finished-at="2025-05-10T22:03:33 IST" duration-ms="1927">
      <class name="Project_1.LoginTest">
        <test-method is-config="true" signature="setup()[pri:0, instance:Project_1.LoginTest@76505305]" started-at="2025-05-10T22:03:30 IST" name="setup" finished-at="2025-05-10T22:03:31 IST" duration-ms="1358" status="PASS">
          <reporter-output>
          </reporter-output>
        </test-method> <!-- setup -->
        <test-method signature="testInvalidLogin(java.lang.String,java.lang.String)[pri:0, instance:Project_1.LoginTest@76505305]" started-at="2025-05-10T22:03:31 IST" name="testInvalidLogin" finished-at="2025-05-10T22:03:32 IST" duration-ms="1295" status="PASS">
          <params>
            <param index="0">
              <value>
                <![CDATA[standard_Invaliduser]]>
              </value>
            </param>
            <param index="1">
              <value>
                <![CDATA[secret_Invalidpwd]]>
              </value>
            </param>
          </params>
          <reporter-output>
          </reporter-output>
        </test-method> <!-- testInvalidLogin -->
        <test-method signature="testValidLogin(java.lang.String,java.lang.String)[pri:0, instance:Project_1.LoginTest@76505305]" started-at="2025-05-10T22:03:32 IST" name="testValidLogin" finished-at="2025-05-10T22:03:33 IST" duration-ms="598" status="PASS">
          <params>
            <param index="0">
              <value>
                <![CDATA[standard_user]]>
              </value>
            </param>
            <param index="1">
              <value>
                <![CDATA[secret_sauce]]>
              </value>
            </param>
          </params>
          <reporter-output>
          </reporter-output>
        </test-method> <!-- testValidLogin -->
        <test-method is-config="true" signature="tearDown()[pri:0, instance:Project_1.LoginTest@76505305]" started-at="2025-05-10T22:03:33 IST" name="tearDown" finished-at="2025-05-10T22:03:33 IST" duration-ms="164" status="PASS">
          <reporter-output>
          </reporter-output>
        </test-method> <!-- tearDown -->
      </class> <!-- Project_1.LoginTest -->
    </test> <!-- LoginTests -->
  </suite> <!-- SauceDemoTests -->
</testng-results>
